[2020-06-09 16:13:47,828] {taskinstance.py:669} INFO - Dependencies all met for <TaskInstance: my_simple_dag.load 2020-06-02T11:18:00+00:00 [queued]>
[2020-06-09 16:13:47,839] {taskinstance.py:669} INFO - Dependencies all met for <TaskInstance: my_simple_dag.load 2020-06-02T11:18:00+00:00 [queued]>
[2020-06-09 16:13:47,839] {taskinstance.py:879} INFO - 
--------------------------------------------------------------------------------
[2020-06-09 16:13:47,839] {taskinstance.py:880} INFO - Starting attempt 1 of 1
[2020-06-09 16:13:47,839] {taskinstance.py:881} INFO - 
--------------------------------------------------------------------------------
[2020-06-09 16:13:47,872] {taskinstance.py:900} INFO - Executing <Task(PythonOperator): load> on 2020-06-02T11:18:00+00:00
[2020-06-09 16:13:47,880] {standard_task_runner.py:53} INFO - Started process 31727 to run task
[2020-06-09 16:13:47,963] {logging_mixin.py:112} INFO - Running %s on host %s <TaskInstance: my_simple_dag.load 2020-06-02T11:18:00+00:00 [running]> nineleaps-ThinkPad-E470
[2020-06-09 16:13:47,979] {logging_mixin.py:112} INFO - 2020-06-09
[2020-06-09 16:14:00,111] {logging_mixin.py:112} INFO - Exception in publishing message
[2020-06-09 16:14:00,112] {logging_mixin.py:112} INFO - encoding without a string argument
[2020-06-09 16:14:00,112] {logging_mixin.py:112} INFO - Exception in publishing message
[2020-06-09 16:14:00,112] {logging_mixin.py:112} INFO - encoding without a string argument
[2020-06-09 16:14:00,112] {logging_mixin.py:112} INFO - Exception in publishing message
[2020-06-09 16:14:00,112] {logging_mixin.py:112} INFO - encoding without a string argument
[2020-06-09 16:14:00,112] {logging_mixin.py:112} INFO - Exception in publishing message
[2020-06-09 16:14:00,112] {logging_mixin.py:112} INFO - encoding without a string argument
[2020-06-09 16:14:00,112] {logging_mixin.py:112} INFO - Exception in publishing message
[2020-06-09 16:14:00,112] {logging_mixin.py:112} INFO - encoding without a string argument
[2020-06-09 16:14:00,114] {logging_mixin.py:112} INFO - [2020-06-09 16:14:00,113] {kafka.py:471} INFO - Closing the Kafka producer with 9223372036.0 secs timeout.
[2020-06-09 16:14:00,115] {logging_mixin.py:112} INFO - [2020-06-09 16:14:00,115] {kafka.py:461} INFO - Kafka producer closed
[2020-06-09 16:14:00,115] {python_operator.py:114} INFO - Done. Returned value was: 37
[2020-06-09 16:14:00,161] {taskinstance.py:1065} INFO - Marking task as SUCCESS.dag_id=my_simple_dag, task_id=load, execution_date=20200602T111800, start_date=20200609T104347, end_date=20200609T104400
[2020-06-09 16:14:02,813] {logging_mixin.py:112} INFO - [2020-06-09 16:14:02,812] {local_task_job.py:103} INFO - Task exited with return code 0
