[2020-06-09 16:15:09,126] {taskinstance.py:669} INFO - Dependencies all met for <TaskInstance: my_simple_dag.load 2020-06-02T11:22:00+00:00 [queued]>
[2020-06-09 16:15:09,139] {taskinstance.py:669} INFO - Dependencies all met for <TaskInstance: my_simple_dag.load 2020-06-02T11:22:00+00:00 [queued]>
[2020-06-09 16:15:09,139] {taskinstance.py:879} INFO - 
--------------------------------------------------------------------------------
[2020-06-09 16:15:09,139] {taskinstance.py:880} INFO - Starting attempt 1 of 1
[2020-06-09 16:15:09,139] {taskinstance.py:881} INFO - 
--------------------------------------------------------------------------------
[2020-06-09 16:15:09,167] {taskinstance.py:900} INFO - Executing <Task(PythonOperator): load> on 2020-06-02T11:22:00+00:00
[2020-06-09 16:15:09,170] {standard_task_runner.py:53} INFO - Started process 31853 to run task
[2020-06-09 16:15:09,251] {logging_mixin.py:112} INFO - Running %s on host %s <TaskInstance: my_simple_dag.load 2020-06-02T11:22:00+00:00 [running]> nineleaps-ThinkPad-E470
[2020-06-09 16:15:09,276] {logging_mixin.py:112} INFO - 2020-06-09
[2020-06-09 16:15:19,585] {logging_mixin.py:112} INFO - Exception in publishing message
[2020-06-09 16:15:19,585] {logging_mixin.py:112} INFO - encoding without a string argument
[2020-06-09 16:15:19,585] {logging_mixin.py:112} INFO - Exception in publishing message
[2020-06-09 16:15:19,585] {logging_mixin.py:112} INFO - encoding without a string argument
[2020-06-09 16:15:19,585] {logging_mixin.py:112} INFO - Exception in publishing message
[2020-06-09 16:15:19,585] {logging_mixin.py:112} INFO - encoding without a string argument
[2020-06-09 16:15:19,585] {logging_mixin.py:112} INFO - Exception in publishing message
[2020-06-09 16:15:19,586] {logging_mixin.py:112} INFO - encoding without a string argument
[2020-06-09 16:15:19,586] {logging_mixin.py:112} INFO - Exception in publishing message
[2020-06-09 16:15:19,586] {logging_mixin.py:112} INFO - encoding without a string argument
[2020-06-09 16:15:19,587] {logging_mixin.py:112} INFO - [2020-06-09 16:15:19,586] {kafka.py:471} INFO - Closing the Kafka producer with 9223372036.0 secs timeout.
[2020-06-09 16:15:19,587] {logging_mixin.py:112} INFO - [2020-06-09 16:15:19,587] {kafka.py:461} INFO - Kafka producer closed
[2020-06-09 16:15:19,587] {python_operator.py:114} INFO - Done. Returned value was: 37
[2020-06-09 16:15:19,625] {taskinstance.py:1065} INFO - Marking task as SUCCESS.dag_id=my_simple_dag, task_id=load, execution_date=20200602T112200, start_date=20200609T104509, end_date=20200609T104519
[2020-06-09 16:15:24,132] {logging_mixin.py:112} INFO - [2020-06-09 16:15:24,132] {local_task_job.py:103} INFO - Task exited with return code 0
