[2020-06-09 16:16:52,554] {taskinstance.py:669} INFO - Dependencies all met for <TaskInstance: my_simple_dag.load 2020-06-02T11:26:00+00:00 [queued]>
[2020-06-09 16:16:52,563] {taskinstance.py:669} INFO - Dependencies all met for <TaskInstance: my_simple_dag.load 2020-06-02T11:26:00+00:00 [queued]>
[2020-06-09 16:16:52,563] {taskinstance.py:879} INFO - 
--------------------------------------------------------------------------------
[2020-06-09 16:16:52,563] {taskinstance.py:880} INFO - Starting attempt 1 of 1
[2020-06-09 16:16:52,563] {taskinstance.py:881} INFO - 
--------------------------------------------------------------------------------
[2020-06-09 16:16:52,590] {taskinstance.py:900} INFO - Executing <Task(PythonOperator): load> on 2020-06-02T11:26:00+00:00
[2020-06-09 16:16:52,595] {standard_task_runner.py:53} INFO - Started process 32043 to run task
[2020-06-09 16:16:52,696] {logging_mixin.py:112} INFO - Running %s on host %s <TaskInstance: my_simple_dag.load 2020-06-02T11:26:00+00:00 [running]> nineleaps-ThinkPad-E470
[2020-06-09 16:16:52,714] {logging_mixin.py:112} INFO - 2020-06-09
[2020-06-09 16:17:01,806] {logging_mixin.py:112} INFO - Exception in publishing message
[2020-06-09 16:17:01,807] {logging_mixin.py:112} INFO - encoding without a string argument
[2020-06-09 16:17:01,807] {logging_mixin.py:112} INFO - Exception in publishing message
[2020-06-09 16:17:01,807] {logging_mixin.py:112} INFO - encoding without a string argument
[2020-06-09 16:17:01,807] {logging_mixin.py:112} INFO - Exception in publishing message
[2020-06-09 16:17:01,807] {logging_mixin.py:112} INFO - encoding without a string argument
[2020-06-09 16:17:01,807] {logging_mixin.py:112} INFO - Exception in publishing message
[2020-06-09 16:17:01,807] {logging_mixin.py:112} INFO - encoding without a string argument
[2020-06-09 16:17:01,807] {logging_mixin.py:112} INFO - Exception in publishing message
[2020-06-09 16:17:01,807] {logging_mixin.py:112} INFO - encoding without a string argument
[2020-06-09 16:17:01,809] {logging_mixin.py:112} INFO - [2020-06-09 16:17:01,807] {kafka.py:471} INFO - Closing the Kafka producer with 9223372036.0 secs timeout.
[2020-06-09 16:17:01,810] {logging_mixin.py:112} INFO - [2020-06-09 16:17:01,809] {kafka.py:461} INFO - Kafka producer closed
[2020-06-09 16:17:01,810] {python_operator.py:114} INFO - Done. Returned value was: 37
[2020-06-09 16:17:01,873] {taskinstance.py:1065} INFO - Marking task as SUCCESS.dag_id=my_simple_dag, task_id=load, execution_date=20200602T112600, start_date=20200609T104652, end_date=20200609T104701
[2020-06-09 16:17:02,497] {logging_mixin.py:112} INFO - [2020-06-09 16:17:02,496] {local_task_job.py:103} INFO - Task exited with return code 0
